app/build/intermediates/manifest_merge_blame_file/release/manifest-merger-blame-release-report.txt
1<?xml version="1.0" encoding="utf-8"?>
2<manifest xmlns:android="http://schemas.android.com/apk/res/android"
3    package="code.namanbir.codingaliitroorkee"
4    android:versionCode="1"
5    android:versionName="1.0" >
6
7    <uses-sdk
8        android:minSdkVersion="21"
8-->src\main\AndroidManifest.xml
9        android:targetSdkVersion="30" />
9-->src\main\AndroidManifest.xml
10
11    <application
11-->src\main\AndroidManifest.xml:5:5-30:19
12        android:allowBackup="true"
12-->src\main\AndroidManifest.xml:6:9-35
13        android:appComponentFactory="androidx.core.app.CoreComponentFactory"
13-->[androidx.core:core:1.3.1] AndroidManifest.xml:24:18-86
14        android:icon="@mipmap/ic_launcher"
14-->src\main\AndroidManifest.xml:7:9-43
15        android:label="@string/app_name"
15-->src\main\AndroidManifest.xml:8:9-41
16        android:roundIcon="@mipmap/ic_launcher"
16-->src\main\AndroidManifest.xml:9:9-48
17        android:supportsRtl="true"
17-->src\main\AndroidManifest.xml:10:9-35
18        android:theme="@style/Theme.QuizApp" >
18-->src\main\AndroidManifest.xml:11:9-45
19        <activity android:name="code.namanbir.codingaliitroorkee.GeographyOrLiteratureQuizActivity" />
19-->src\main\AndroidManifest.xml:12:9-112
19-->src\main\AndroidManifest.xml:12:19-100
20        <activity android:name="code.namanbir.codingaliitroorkee.FinalResultActivity" />
20-->src\main\AndroidManifest.xml:13:9-89
20-->src\main\AndroidManifest.xml:13:19-86
21        <activity android:name="code.namanbir.codingaliitroorkee.MathQuizActivity" />
21-->src\main\AndroidManifest.xml:14:9-86
21-->src\main\AndroidManifest.xml:14:19-83
22        <activity android:name="code.namanbir.codingaliitroorkee.EditPasswordActivity" />
22-->src\main\AndroidManifest.xml:15:9-90
22-->src\main\AndroidManifest.xml:15:19-87
23        <activity android:name="code.namanbir.codingaliitroorkee.HistoryActivity" />
23-->src\main\AndroidManifest.xml:16:9-85
23-->src\main\AndroidManifest.xml:16:19-82
24        <activity android:name="code.namanbir.codingaliitroorkee.RuleActivity" />
24-->src\main\AndroidManifest.xml:17:9-82
24-->src\main\AndroidManifest.xml:17:19-79
25        <activity android:name="code.namanbir.codingaliitroorkee.QuizOptionActivity" />
25-->src\main\AndroidManifest.xml:18:9-88
25-->src\main\AndroidManifest.xml:18:19-85
26        <activity android:name="code.namanbir.codingaliitroorkee.RegisterActivity" />
26-->src\main\AndroidManifest.xml:19:9-86
26-->src\main\AndroidManifest.xml:19:19-83
27        <activity
27-->src\main\AndroidManifest.xml:20:9-28:20
28            android:name="code.namanbir.codingaliitroorkee.LoginActivity"
28-->src\main\AndroidManifest.xml:21:13-74
29            android:theme="@style/splashScreenTheme" >
29-->src\main\AndroidManifest.xml:22:13-53
30            <intent-filter>
30-->src\main\AndroidManifest.xml:23:13-27:29
31                <action android:name="android.intent.action.MAIN" />
31-->src\main\AndroidManifest.xml:24:17-69
31-->src\main\AndroidManifest.xml:24:25-66
32
33                <category android:name="android.intent.category.LAUNCHER" />
33-->src\main\AndroidManifest.xml:26:17-77
33-->src\main\AndroidManifest.xml:26:27-74
34            </intent-filter>
35        </activity>
36        <activity android:name="code.namanbir.codingaliitroorkee.MainActivity" />
36-->src\main\AndroidManifest.xml:29:9-82
36-->src\main\AndroidManifest.xml:29:19-79
37
38        <service
38-->[androidx.room:room-runtime:2.2.5] AndroidManifest.xml:25:9-28:40
39            android:name="androidx.room.MultiInstanceInvalidationService"
39-->[androidx.room:room-runtime:2.2.5] AndroidManifest.xml:26:13-74
40            android:directBootAware="true"
40-->[androidx.room:room-runtime:2.2.5] AndroidManifest.xml:27:13-43
41            android:exported="false" />
41-->[androidx.room:room-runtime:2.2.5] AndroidManifest.xml:28:13-37
42    </application>
43
44</manifest>